Threshold: 0.15
Average Accuracy: 0.8415384615384616
accuracy :
 0.7427258805513017
errorRate :
 0.2572741194486983
numClassified :
 653
numCorrect :
 485
numErrors :
 168
confusionLabel :
 Predicted ↓, Actual →
confusion :
        +      -
+  152.0   24.0
-  144.0  333.0
    A1     A2      A3 A4 A5  A6  A7    A8 A9 A10  A11 A12 A13    A14    A15 A16 prediction
2    b  30.83   0.000  u  g   w   v  1.25  t   t  1.0   f   g  202.0    0.0   +          -
3    a  58.67   4.460  u  g   q   h  3.04  t   t  6.0   f   g   43.0  560.0   +          +
4    a  24.50   0.500  u  g   q   h  1.50  t   f  0.0   f   g  280.0  824.0   +          -
5    b  27.83   1.540  u  g   w   v  3.75  t   t  5.0   t   g  100.0    3.0   +          +
6    b  20.17   5.625  u  g   w   v  1.71  t   f  0.0   f   s  120.0    0.0   +          -
..  ..    ...     ... .. ..  ..  ..   ... ..  ..  ...  ..  ..    ...    ...  ..        ...
687  b  21.08  10.085  y  p   e   h  1.25  f   f  0.0   f   g  260.0    0.0   -          -
688  a  22.67   0.750  u  g   c   v  2.00  f   t  2.0   t   g  200.0  394.0   -          -
689  a  25.25  13.500  y  p  ff  ff  2.00  f   t  1.0   t   g  200.0    1.0   -          -
690  b  17.92   0.205  u  g  aa   v  0.04  f   f  0.0   f   g  280.0  750.0   -          -
691  b  35.00   3.375  u  g   c   h  8.29  f   f  0.0   t   g    0.0    0.0   -          -

[653 rows x 17 columns]
