Threshold: 0.2
Average Accuracy: 0.7934426229508197
accuracy :
 0.6601307189542484
errorRate :
 0.33986928104575165
numClassified :
 918
numCorrect :
 606
numErrors :
 312
confusionLabel :
 Predicted ↓, Actual →
confusion :
        0.0    1.0
0.0  190.0   92.0
1.0  220.0  416.0
     Age Sex ChestPainType  RestingBP  Cholesterol  FastingBS  ...  MaxHR  ExerciseAngina Oldpeak  ST_Slope HeartDisease  prediction
2     40   M           ATA      140.0        289.0        0.0  ...  172.0               N     0.0        Up          0.0         0.0
3     49   F           NAP      160.0        180.0        0.0  ...  156.0               N     1.0      Flat          1.0         1.0
4     37   M           ATA      130.0        283.0        0.0  ...   98.0               N     0.0        Up          0.0         0.0
5     48   F           ASY      138.0        214.0        0.0  ...  108.0               Y     1.5      Flat          1.0         1.0
6     54   M           NAP      150.0        195.0        0.0  ...  122.0               N     0.0        Up          0.0         0.0
..   ...  ..           ...        ...          ...        ...  ...    ...             ...     ...       ...          ...         ...
915   45   M            TA      110.0        264.0        0.0  ...  132.0               N     1.2      Flat          1.0         1.0
916   68   M           ASY      144.0        193.0        1.0  ...  141.0               N     3.4      Flat          1.0         1.0
917   57   M           ASY      130.0        131.0        0.0  ...  115.0               Y     1.2      Flat          1.0         1.0
918   57   F           ATA      130.0        236.0        0.0  ...  174.0               N     0.0      Flat          1.0         1.0
919   38   M           NAP      138.0        175.0        0.0  ...  173.0               N     0.0        Up          0.0         1.0

[918 rows x 13 columns]
