Threshold: 0.2
Average Accuracy: 1.0428571428571431
accuracy :
 0.9466666666666667
errorRate :
 0.05333333333333334
numClassified :
 150
numCorrect :
 142
numErrors :
 8
confusionLabel :
 Predicted ↓, Actual →
confusion :
                  Iris-setosa  Iris-versicolor  Iris-virginica
Iris-setosa             50.0              0.0             0.0
Iris-versicolor          0.0             47.0             5.0
Iris-virginica           0.0              3.0            45.0
     sepalLength  sepalWidth  petalLength  petalWidth         species      prediction
2            5.1         3.5          1.4         0.2     Iris-setosa     Iris-setosa
3            4.9         3.0          1.4         0.2     Iris-setosa     Iris-setosa
4            4.7         3.2          1.3         0.2     Iris-setosa     Iris-setosa
5            4.6         3.1          1.5         0.2     Iris-setosa     Iris-setosa
6            5.0         3.6          1.4         0.2     Iris-setosa     Iris-setosa
..           ...         ...          ...         ...             ...             ...
147          6.7         3.0          5.2         2.3  Iris-virginica  Iris-virginica
148          6.3         2.5          5.0         1.9  Iris-virginica  Iris-virginica
149          6.5         3.0          5.2         2.0  Iris-virginica  Iris-virginica
150          6.2         3.4          5.4         2.3  Iris-virginica  Iris-virginica
151          5.9         3.0          5.1         1.8  Iris-virginica  Iris-virginica

[150 rows x 6 columns]
