Threshold: 0.1
Average Accuracy: 0.6316561844863731
accuracy :
 0.5447154471544715
errorRate :
 0.45528455284552843
numClassified :
 1599
numCorrect :
 871
numErrors :
 728
confusionLabel :
 Predicted ↓, Actual →
confusion :
        5.0    6.0    7.0   4.0   8.0  3.0
5.0  577.0  339.0   39.0  33.0   2.0  7.0
6.0   91.0  262.0  128.0  17.0  14.0  2.0
7.0    8.0   32.0   31.0   0.0   2.0  0.0
4.0    3.0    4.0    0.0   1.0   0.0  1.0
8.0    0.0    0.0    1.0   0.0   0.0  0.0
3.0    2.0    1.0    0.0   2.0   0.0  0.0
      fixed acidity  volatile acidity  citric acid  residual sugar  chlorides  ...    pH  sulphates  alcohol  quality  prediction
2               7.4             0.700         0.00             1.9      0.076  ...  3.51       0.56      9.4      5.0         5.0
3               7.8             0.880         0.00             2.6      0.098  ...  3.20       0.68      9.8      5.0         5.0
4               7.8             0.760         0.04             2.3      0.092  ...  3.26       0.65      9.8      5.0         5.0
5              11.2             0.280         0.56             1.9      0.075  ...  3.16       0.58      9.8      6.0         5.0
6               7.4             0.700         0.00             1.9      0.076  ...  3.51       0.56      9.4      5.0         5.0
...             ...               ...          ...             ...        ...  ...   ...        ...      ...      ...         ...
1596            6.2             0.600         0.08             2.0      0.090  ...  3.45       0.58     10.5      5.0         5.0
1597            5.9             0.550         0.10             2.2      0.062  ...  3.52       0.76     11.2      6.0         6.0
1598            6.3             0.510         0.13             2.3      0.076  ...  3.42       0.75     11.0      6.0         6.0
1599            5.9             0.645         0.12             2.0      0.075  ...  3.57       0.71     10.2      5.0         5.0
1600            6.0             0.310         0.47             3.6      0.067  ...  3.39       0.66     11.0      6.0         6.0

[1599 rows x 13 columns]
