Threshold: 0.2
Average Accuracy: 0.5819543752128021
accuracy :
 0.44875459371171905
errorRate :
 0.5512454062882809
numClassified :
 4898
numCorrect :
 2198
numErrors :
 2700
confusionLabel :
 Predicted ↓, Actual →
confusion :
         6.0     5.0    7.0    8.0    4.0   3.0  9.0
6.0  2198.0  1457.0  880.0  175.0  163.0  20.0  5.0
5.0     0.0     0.0    0.0    0.0    0.0   0.0  0.0
7.0     0.0     0.0    0.0    0.0    0.0   0.0  0.0
8.0     0.0     0.0    0.0    0.0    0.0   0.0  0.0
4.0     0.0     0.0    0.0    0.0    0.0   0.0  0.0
3.0     0.0     0.0    0.0    0.0    0.0   0.0  0.0
9.0     0.0     0.0    0.0    0.0    0.0   0.0  0.0
      fixed acidity  volatile acidity  citric acid  residual sugar  chlorides  ...    pH  sulphates  alcohol  quality  prediction
2               7.0              0.27         0.36            20.7      0.045  ...  3.00       0.45      8.8      6.0         6.0
3               6.3              0.30         0.34             1.6      0.049  ...  3.30       0.49      9.5      6.0         6.0
4               8.1              0.28         0.40             6.9      0.050  ...  3.26       0.44     10.1      6.0         6.0
5               7.2              0.23         0.32             8.5      0.058  ...  3.19       0.40      9.9      6.0         6.0
6               7.2              0.23         0.32             8.5      0.058  ...  3.19       0.40      9.9      6.0         6.0
...             ...               ...          ...             ...        ...  ...   ...        ...      ...      ...         ...
4895            6.2              0.21         0.29             1.6      0.039  ...  3.27       0.50     11.2      6.0         6.0
4896            6.6              0.32         0.36             8.0      0.047  ...  3.15       0.46      9.6      5.0         6.0
4897            6.5              0.24         0.19             1.2      0.041  ...  2.99       0.46      9.4      6.0         6.0
4898            5.5              0.29         0.30             1.1      0.022  ...  3.34       0.38     12.8      7.0         6.0
4899            6.0              0.21         0.38             0.8      0.020  ...  3.26       0.32     11.8      6.0         6.0

[4898 rows x 13 columns]
